<?xml version="1.0" encoding="UTF-8"?>
<!-- Generated by org.testng.reporters.JUnitXMLReporter -->
<testsuite hostname="Lenovo-PC" name="Default test" tests="2" failures="0" timestamp="28 Oct 2018 02:36:47 GMT" time="22.58" errors="0">
  <testcase name="TC_001_Validatelogin" time="1.73" classname="updatedtestcaseswithhddApproach.testcasesWithDDApproch"/>
  <testcase name="TC_001_Validatelogin" time="1.621" classname="updatedtestcaseswithhddApproach.testcasesWithDDApproch"/>
</testsuite> <!-- Default test -->
